<?xml version="1.0" encoding="UTF-8"?>
<coverage generated="1625215415955" clover="3.2.0">
  <project timestamp="1625215415955" name="All files">
    <metrics statements="164" coveredstatements="119" conditionals="29" coveredconditionals="19" methods="57" coveredmethods="43" elements="250" coveredelements="181" complexity="0" loc="164" ncloc="164" packages="1" files="4" classes="4"/>
    <file name="action-log.js" path="/Users/nathanjones/Desktop/2021-008-project/src/public/scripts/action-log.js">
      <metrics statements="3" coveredstatements="3" conditionals="0" coveredconditionals="0" methods="1" coveredmethods="1"/>
      <line num="4" count="6" type="stmt"/>
      <line num="5" count="6" type="stmt"/>
      <line num="6" count="6" type="stmt"/>
    </file>
    <file name="create-group.js" path="/Users/nathanjones/Desktop/2021-008-project/src/public/scripts/create-group.js">
      <metrics statements="98" coveredstatements="96" conditionals="17" coveredconditionals="16" methods="32" coveredmethods="31"/>
      <line num="7" count="11" type="stmt"/>
      <line num="8" count="11" type="stmt"/>
      <line num="10" count="11" type="stmt"/>
      <line num="11" count="11" type="stmt"/>
      <line num="13" count="11" type="stmt"/>
      <line num="14" count="11" type="stmt"/>
      <line num="15" count="11" type="stmt"/>
      <line num="16" count="11" type="stmt"/>
      <line num="17" count="11" type="stmt"/>
      <line num="19" count="11" type="stmt"/>
      <line num="20" count="11" type="stmt"/>
      <line num="22" count="11" type="stmt"/>
      <line num="23" count="11" type="stmt"/>
      <line num="24" count="11" type="stmt"/>
      <line num="28" count="11" type="stmt"/>
      <line num="29" count="10" type="stmt"/>
      <line num="30" count="10" type="stmt"/>
      <line num="34" count="11" type="stmt"/>
      <line num="37" count="10" type="stmt"/>
      <line num="38" count="10" type="stmt"/>
      <line num="39" count="850" type="stmt"/>
      <line num="40" count="850" type="stmt"/>
      <line num="41" count="850" type="stmt"/>
      <line num="42" count="850" type="stmt"/>
      <line num="47" count="11" type="stmt"/>
      <line num="48" count="11" type="stmt"/>
      <line num="49" count="11" type="stmt"/>
      <line num="51" count="11" type="stmt"/>
      <line num="52" count="11" type="stmt"/>
      <line num="53" count="11" type="stmt"/>
      <line num="58" count="156" type="stmt"/>
      <line num="59" count="156" type="stmt"/>
      <line num="60" count="147" type="stmt"/>
      <line num="61" count="147" type="stmt"/>
      <line num="62" count="147" type="stmt"/>
      <line num="63" count="147" type="stmt"/>
      <line num="68" count="11" type="stmt"/>
      <line num="69" count="9" type="stmt"/>
      <line num="70" count="9" type="stmt"/>
      <line num="72" count="9" type="stmt"/>
      <line num="73" count="18" type="stmt"/>
      <line num="74" count="18" type="stmt"/>
      <line num="80" count="11" type="stmt"/>
      <line num="81" count="9" type="stmt"/>
      <line num="83" count="9" type="stmt"/>
      <line num="84" count="9" type="stmt"/>
      <line num="88" count="11" type="stmt"/>
      <line num="90" count="133" type="stmt"/>
      <line num="92" count="133" type="cond" truecount="2" falsecount="0"/>
      <line num="93" count="286" type="stmt"/>
      <line num="94" count="107" type="stmt"/>
      <line num="95" count="26" type="stmt"/>
      <line num="98" count="11" type="stmt"/>
      <line num="100" count="9" type="stmt"/>
      <line num="102" count="9" type="stmt"/>
      <line num="103" count="9" type="stmt"/>
      <line num="105" count="9" type="stmt"/>
      <line num="106" count="27" type="stmt"/>
      <line num="108" count="9" type="stmt"/>
      <line num="112" count="9" type="stmt"/>
      <line num="113" count="27" type="stmt"/>
      <line num="114" count="27" type="stmt"/>
      <line num="115" count="27" type="cond" truecount="4" falsecount="0"/>
      <line num="116" count="9" type="stmt"/>
      <line num="121" count="11" type="stmt"/>
      <line num="123" count="20" type="stmt"/>
      <line num="124" count="20" type="stmt"/>
      <line num="125" count="20" type="stmt"/>
      <line num="127" count="20" type="cond" truecount="5" falsecount="0"/>
      <line num="128" count="6" type="stmt"/>
      <line num="129" count="6" type="stmt"/>
      <line num="132" count="14" type="cond" truecount="2" falsecount="0"/>
      <line num="133" count="1" type="stmt"/>
      <line num="134" count="1" type="stmt"/>
      <line num="137" count="13" type="cond" truecount="1" falsecount="1"/>
      <line num="138" count="0" type="stmt"/>
      <line num="139" count="0" type="stmt"/>
      <line num="142" count="13" type="cond" truecount="2" falsecount="0"/>
      <line num="143" count="10" type="stmt"/>
      <line num="144" count="10" type="stmt"/>
      <line num="147" count="3" type="stmt"/>
      <line num="148" count="3" type="stmt"/>
      <line num="151" count="3" type="stmt"/>
      <line num="152" count="3" type="stmt"/>
      <line num="157" count="3" type="stmt"/>
      <line num="158" count="3" type="stmt"/>
      <line num="159" count="3" type="stmt"/>
      <line num="161" count="3" type="stmt"/>
      <line num="162" count="3" type="stmt"/>
      <line num="163" count="3" type="stmt"/>
      <line num="164" count="3" type="stmt"/>
      <line num="168" count="3" type="stmt"/>
      <line num="169" count="3" type="stmt"/>
      <line num="170" count="3" type="stmt"/>
      <line num="172" count="3" type="stmt"/>
      <line num="173" count="3" type="stmt"/>
      <line num="177" count="3" type="stmt"/>
      <line num="185" count="3" type="stmt"/>
    </file>
    <file name="invites.js" path="/Users/nathanjones/Desktop/2021-008-project/src/public/scripts/invites.js">
      <metrics statements="45" coveredstatements="18" conditionals="8" coveredconditionals="1" methods="18" coveredmethods="10"/>
      <line num="3" count="1" type="stmt"/>
      <line num="4" count="1" type="stmt"/>
      <line num="6" count="1" type="stmt"/>
      <line num="7" count="1" type="stmt"/>
      <line num="8" count="1" type="stmt"/>
      <line num="9" count="1" type="stmt"/>
      <line num="14" count="1" type="stmt"/>
      <line num="16" count="1" type="cond" truecount="1" falsecount="1"/>
      <line num="17" count="1" type="stmt"/>
      <line num="19" count="0" type="stmt"/>
      <line num="22" count="0" type="stmt"/>
      <line num="23" count="0" type="stmt"/>
      <line num="24" count="0" type="stmt"/>
      <line num="25" count="0" type="stmt"/>
      <line num="26" count="0" type="stmt"/>
      <line num="28" count="0" type="stmt"/>
      <line num="29" count="0" type="stmt"/>
      <line num="31" count="0" type="stmt"/>
      <line num="33" count="0" type="stmt"/>
      <line num="39" count="0" type="stmt"/>
      <line num="40" count="0" type="stmt"/>
      <line num="43" count="0" type="cond" truecount="0" falsecount="2"/>
      <line num="44" count="0" type="stmt"/>
      <line num="45" count="0" type="stmt"/>
      <line num="48" count="0" type="stmt"/>
      <line num="51" count="0" type="cond" truecount="0" falsecount="2"/>
      <line num="53" count="0" type="stmt"/>
      <line num="54" count="0" type="stmt"/>
      <line num="56" count="0" type="stmt"/>
      <line num="63" count="0" type="stmt"/>
      <line num="65" count="0" type="stmt"/>
      <line num="68" count="0" type="cond" truecount="0" falsecount="2"/>
      <line num="69" count="0" type="stmt"/>
      <line num="70" count="0" type="stmt"/>
      <line num="72" count="0" type="stmt"/>
      <line num="79" count="1" type="stmt"/>
      <line num="80" count="1" type="stmt"/>
      <line num="81" count="1" type="stmt"/>
      <line num="84" count="1" type="stmt"/>
      <line num="86" count="1" type="stmt"/>
      <line num="90" count="0" type="stmt"/>
      <line num="95" count="1" type="stmt"/>
      <line num="96" count="1" type="stmt"/>
      <line num="98" count="1" type="stmt"/>
      <line num="99" count="1" type="stmt"/>
    </file>
    <file name="user-service.js" path="/Users/nathanjones/Desktop/2021-008-project/src/public/scripts/user-service.js">
      <metrics statements="18" coveredstatements="2" conditionals="4" coveredconditionals="2" methods="6" coveredmethods="1"/>
      <line num="6" count="0" type="cond" truecount="0" falsecount="2"/>
      <line num="7" count="0" type="stmt"/>
      <line num="8" count="0" type="stmt"/>
      <line num="9" count="0" type="stmt"/>
      <line num="10" count="0" type="stmt"/>
      <line num="11" count="0" type="stmt"/>
      <line num="12" count="0" type="stmt"/>
      <line num="13" count="0" type="stmt"/>
      <line num="14" count="0" type="stmt"/>
      <line num="19" count="11" type="stmt"/>
      <line num="24" count="11" type="cond" truecount="2" falsecount="0"/>
      <line num="29" count="0" type="stmt"/>
      <line num="30" count="0" type="stmt"/>
      <line num="31" count="0" type="stmt"/>
      <line num="32" count="0" type="stmt"/>
      <line num="34" count="0" type="stmt"/>
      <line num="38" count="0" type="stmt"/>
      <line num="40" count="0" type="stmt"/>
    </file>
  </project>
</coverage>
