{"total": {"lines":{"total":164,"covered":119,"skipped":0,"pct":72.56},"statements":{"total":173,"covered":122,"skipped":0,"pct":70.52},"functions":{"total":57,"covered":43,"skipped":0,"pct":75.44},"branches":{"total":29,"covered":19,"skipped":0,"pct":65.52}}
,"/Users/nathanjones/Desktop/2021-008-project/src/public/scripts/action-log.js": {"lines":{"total":3,"covered":3,"skipped":0,"pct":100},"functions":{"total":1,"covered":1,"skipped":0,"pct":100},"statements":{"total":3,"covered":3,"skipped":0,"pct":100},"branches":{"total":0,"covered":0,"skipped":0,"pct":100}}
,"/Users/nathanjones/Desktop/2021-008-project/src/public/scripts/create-group.js": {"lines":{"total":98,"covered":96,"skipped":0,"pct":97.96},"functions":{"total":32,"covered":31,"skipped":0,"pct":96.88},"statements":{"total":102,"covered":99,"skipped":0,"pct":97.06},"branches":{"total":17,"covered":16,"skipped":0,"pct":94.12}}
,"/Users/nathanjones/Desktop/2021-008-project/src/public/scripts/invites.js": {"lines":{"total":45,"covered":18,"skipped":0,"pct":40},"functions":{"total":18,"covered":10,"skipped":0,"pct":55.56},"statements":{"total":48,"covered":18,"skipped":0,"pct":37.5},"branches":{"total":8,"covered":1,"skipped":0,"pct":12.5}}
,"/Users/nathanjones/Desktop/2021-008-project/src/public/scripts/user-service.js": {"lines":{"total":18,"covered":2,"skipped":0,"pct":11.11},"functions":{"total":6,"covered":1,"skipped":0,"pct":16.67},"statements":{"total":20,"covered":2,"skipped":0,"pct":10},"branches":{"total":4,"covered":2,"skipped":0,"pct":50}}
}
