{"/Users/nathanjones/Desktop/2021-008-project/src/public/scripts/action-log.js": {"path":"/Users/nathanjones/Desktop/2021-008-project/src/public/scripts/action-log.js","statementMap":{"0":{"start":{"line":4,"column":20},"end":{"line":4,"column":28}},"1":{"start":{"line":5,"column":20},"end":{"line":5,"column":136}},"2":{"start":{"line":6,"column":2},"end":{"line":12,"column":4}}},"fnMap":{"0":{"name":"addAction","decl":{"start":{"line":3,"column":9},"end":{"line":3,"column":18}},"loc":{"start":{"line":3,"column":30},"end":{"line":13,"column":1}},"line":3}},"branchMap":{},"s":{"0":6,"1":6,"2":6},"f":{"0":6},"b":{},"_coverageSchema":"1a1c01bbd47fc00a2c39e90264f33305004495a9","hash":"4f279db6c7868afa3e815b3d9687326db1cf0015"}
,"/Users/nathanjones/Desktop/2021-008-project/src/public/scripts/create-group.js": {"path":"/Users/nathanjones/Desktop/2021-008-project/src/public/scripts/create-group.js","statementMap":{"0":{"start":{"line":7,"column":20},"end":{"line":7,"column":56}},"1":{"start":{"line":8,"column":20},"end":{"line":8,"column":24}},"2":{"start":{"line":10,"column":17},"end":{"line":10,"column":53}},"3":{"start":{"line":11,"column":19},"end":{"line":11,"column":57}},"4":{"start":{"line":13,"column":21},"end":{"line":13,"column":23}},"5":{"start":{"line":14,"column":12},"end":{"line":14,"column":14}},"6":{"start":{"line":15,"column":16},"end":{"line":15,"column":18}},"7":{"start":{"line":16,"column":23},"end":{"line":16,"column":25}},"8":{"start":{"line":17,"column":20},"end":{"line":17,"column":24}},"9":{"start":{"line":19,"column":0},"end":{"line":25,"column":2}},"10":{"start":{"line":20,"column":2},"end":{"line":20,"column":17}},"11":{"start":{"line":22,"column":2},"end":{"line":22,"column":18}},"12":{"start":{"line":23,"column":2},"end":{"line":23,"column":22}},"13":{"start":{"line":24,"column":2},"end":{"line":24,"column":21}},"14":{"start":{"line":28,"column":2},"end":{"line":31,"column":27}},"15":{"start":{"line":29,"column":22},"end":{"line":29,"column":37}},"16":{"start":{"line":30,"column":18},"end":{"line":30,"column":32}},"17":{"start":{"line":34,"column":16},"end":{"line":34,"column":48}},"18":{"start":{"line":37,"column":2},"end":{"line":37,"column":24}},"19":{"start":{"line":38,"column":2},"end":{"line":43,"column":4}},"20":{"start":{"line":39,"column":19},"end":{"line":39,"column":51}},"21":{"start":{"line":40,"column":4},"end":{"line":40,"column":29}},"22":{"start":{"line":41,"column":4},"end":{"line":41,"column":30}},"23":{"start":{"line":42,"column":4},"end":{"line":42,"column":23}},"24":{"start":{"line":47,"column":2},"end":{"line":54,"column":6}},"25":{"start":{"line":48,"column":22},"end":{"line":48,"column":37}},"26":{"start":{"line":49,"column":18},"end":{"line":49,"column":32}},"27":{"start":{"line":51,"column":6},"end":{"line":51,"column":18}},"28":{"start":{"line":52,"column":6},"end":{"line":52,"column":22}},"29":{"start":{"line":53,"column":6},"end":{"line":53,"column":30}},"30":{"start":{"line":58,"column":2},"end":{"line":58,"column":25}},"31":{"start":{"line":59,"column":2},"end":{"line":64,"column":4}},"32":{"start":{"line":60,"column":19},"end":{"line":60,"column":51}},"33":{"start":{"line":61,"column":4},"end":{"line":61,"column":41}},"34":{"start":{"line":62,"column":4},"end":{"line":62,"column":34}},"35":{"start":{"line":63,"column":4},"end":{"line":63,"column":24}},"36":{"start":{"line":68,"column":2},"end":{"line":76,"column":6}},"37":{"start":{"line":69,"column":22},"end":{"line":69,"column":37}},"38":{"start":{"line":70,"column":18},"end":{"line":70,"column":32}},"39":{"start":{"line":72,"column":6},"end":{"line":75,"column":8}},"40":{"start":{"line":73,"column":26},"end":{"line":73,"column":49}},"41":{"start":{"line":74,"column":8},"end":{"line":74,"column":38}},"42":{"start":{"line":80,"column":2},"end":{"line":85,"column":6}},"43":{"start":{"line":81,"column":22},"end":{"line":81,"column":37}},"44":{"start":{"line":83,"column":21},"end":{"line":83,"column":35}},"45":{"start":{"line":84,"column":6},"end":{"line":84,"column":35}},"46":{"start":{"line":88,"column":0},"end":{"line":88,"column":71}},"47":{"start":{"line":90,"column":21},"end":{"line":90,"column":74}},"48":{"start":{"line":92,"column":2},"end":{"line":95,"column":41}},"49":{"start":{"line":93,"column":26},"end":{"line":93,"column":94}},"50":{"start":{"line":93,"column":48},"end":{"line":93,"column":93}},"51":{"start":{"line":94,"column":4},"end":{"line":94,"column":36}},"52":{"start":{"line":95,"column":11},"end":{"line":95,"column":39}},"53":{"start":{"line":98,"column":0},"end":{"line":98,"column":71}},"54":{"start":{"line":100,"column":2},"end":{"line":100,"column":19}},"55":{"start":{"line":102,"column":2},"end":{"line":103,"column":105}},"56":{"start":{"line":103,"column":33},"end":{"line":103,"column":93}},"57":{"start":{"line":105,"column":2},"end":{"line":107,"column":4}},"58":{"start":{"line":106,"column":4},"end":{"line":106,"column":91}},"59":{"start":{"line":106,"column":41},"end":{"line":106,"column":83}},"60":{"start":{"line":108,"column":2},"end":{"line":108,"column":30}},"61":{"start":{"line":112,"column":2},"end":{"line":118,"column":3}},"62":{"start":{"line":112,"column":15},"end":{"line":112,"column":16}},"63":{"start":{"line":113,"column":16},"end":{"line":113,"column":35}},"64":{"start":{"line":114,"column":17},"end":{"line":114,"column":59}},"65":{"start":{"line":115,"column":4},"end":{"line":117,"column":5}},"66":{"start":{"line":116,"column":6},"end":{"line":116,"column":31}},"67":{"start":{"line":121,"column":0},"end":{"line":121,"column":77}},"68":{"start":{"line":123,"column":20},"end":{"line":123,"column":70}},"69":{"start":{"line":124,"column":21},"end":{"line":124,"column":72}},"70":{"start":{"line":125,"column":19},"end":{"line":125,"column":57}},"71":{"start":{"line":127,"column":2},"end":{"line":130,"column":3}},"72":{"start":{"line":128,"column":4},"end":{"line":128,"column":44}},"73":{"start":{"line":129,"column":4},"end":{"line":129,"column":10}},"74":{"start":{"line":132,"column":2},"end":{"line":135,"column":3}},"75":{"start":{"line":133,"column":4},"end":{"line":133,"column":38}},"76":{"start":{"line":134,"column":4},"end":{"line":134,"column":10}},"77":{"start":{"line":137,"column":2},"end":{"line":140,"column":3}},"78":{"start":{"line":138,"column":4},"end":{"line":138,"column":62}},"79":{"start":{"line":139,"column":4},"end":{"line":139,"column":10}},"80":{"start":{"line":142,"column":2},"end":{"line":145,"column":3}},"81":{"start":{"line":143,"column":4},"end":{"line":143,"column":46}},"82":{"start":{"line":144,"column":4},"end":{"line":144,"column":10}},"83":{"start":{"line":147,"column":22},"end":{"line":147,"column":30}},"84":{"start":{"line":148,"column":2},"end":{"line":148,"column":77}},"85":{"start":{"line":151,"column":2},"end":{"line":151,"column":32}},"86":{"start":{"line":152,"column":2},"end":{"line":152,"column":20}},"87":{"start":{"line":157,"column":2},"end":{"line":157,"column":15}},"88":{"start":{"line":158,"column":2},"end":{"line":158,"column":19}},"89":{"start":{"line":159,"column":2},"end":{"line":159,"column":26}},"90":{"start":{"line":161,"column":2},"end":{"line":161,"column":123}},"91":{"start":{"line":162,"column":21},"end":{"line":162,"column":63}},"92":{"start":{"line":163,"column":2},"end":{"line":163,"column":78}},"93":{"start":{"line":163,"column":37},"end":{"line":163,"column":75}},"94":{"start":{"line":164,"column":2},"end":{"line":164,"column":106}},"95":{"start":{"line":168,"column":2},"end":{"line":168,"column":50}},"96":{"start":{"line":169,"column":2},"end":{"line":169,"column":51}},"97":{"start":{"line":170,"column":2},"end":{"line":170,"column":46}},"98":{"start":{"line":172,"column":2},"end":{"line":172,"column":27}},"99":{"start":{"line":173,"column":2},"end":{"line":173,"column":21}},"100":{"start":{"line":177,"column":2},"end":{"line":192,"column":6}},"101":{"start":{"line":185,"column":6},"end":{"line":191,"column":8}}},"fnMap":{"0":{"name":"(anonymous_0)","decl":{"start":{"line":19,"column":46},"end":{"line":19,"column":47}},"loc":{"start":{"line":19,"column":58},"end":{"line":25,"column":1}},"line":19},"1":{"name":"loadTagOptions","decl":{"start":{"line":27,"column":9},"end":{"line":27,"column":23}},"loc":{"start":{"line":27,"column":27},"end":{"line":32,"column":1}},"line":27},"2":{"name":"(anonymous_2)","decl":{"start":{"line":29,"column":10},"end":{"line":29,"column":11}},"loc":{"start":{"line":29,"column":22},"end":{"line":29,"column":37}},"line":29},"3":{"name":"(anonymous_3)","decl":{"start":{"line":30,"column":10},"end":{"line":30,"column":11}},"loc":{"start":{"line":30,"column":18},"end":{"line":30,"column":32}},"line":30},"4":{"name":"populateTagsList","decl":{"start":{"line":36,"column":9},"end":{"line":36,"column":25}},"loc":{"start":{"line":36,"column":33},"end":{"line":44,"column":1}},"line":36},"5":{"name":"(anonymous_5)","decl":{"start":{"line":38,"column":15},"end":{"line":38,"column":16}},"loc":{"start":{"line":38,"column":26},"end":{"line":43,"column":3}},"line":38},"6":{"name":"loadUsersList","decl":{"start":{"line":46,"column":9},"end":{"line":46,"column":22}},"loc":{"start":{"line":46,"column":26},"end":{"line":55,"column":1}},"line":46},"7":{"name":"(anonymous_7)","decl":{"start":{"line":48,"column":10},"end":{"line":48,"column":11}},"loc":{"start":{"line":48,"column":22},"end":{"line":48,"column":37}},"line":48},"8":{"name":"(anonymous_8)","decl":{"start":{"line":49,"column":10},"end":{"line":49,"column":11}},"loc":{"start":{"line":49,"column":18},"end":{"line":49,"column":32}},"line":49},"9":{"name":"(anonymous_9)","decl":{"start":{"line":50,"column":10},"end":{"line":50,"column":11}},"loc":{"start":{"line":50,"column":18},"end":{"line":54,"column":5}},"line":50},"10":{"name":"populateUsersList","decl":{"start":{"line":57,"column":9},"end":{"line":57,"column":26}},"loc":{"start":{"line":57,"column":34},"end":{"line":65,"column":1}},"line":57},"11":{"name":"(anonymous_11)","decl":{"start":{"line":59,"column":15},"end":{"line":59,"column":16}},"loc":{"start":{"line":59,"column":26},"end":{"line":64,"column":3}},"line":59},"12":{"name":"loadExistingGroups","decl":{"start":{"line":67,"column":9},"end":{"line":67,"column":27}},"loc":{"start":{"line":67,"column":31},"end":{"line":77,"column":1}},"line":67},"13":{"name":"(anonymous_13)","decl":{"start":{"line":69,"column":10},"end":{"line":69,"column":11}},"loc":{"start":{"line":69,"column":22},"end":{"line":69,"column":37}},"line":69},"14":{"name":"(anonymous_14)","decl":{"start":{"line":70,"column":10},"end":{"line":70,"column":11}},"loc":{"start":{"line":70,"column":18},"end":{"line":70,"column":32}},"line":70},"15":{"name":"(anonymous_15)","decl":{"start":{"line":71,"column":10},"end":{"line":71,"column":11}},"loc":{"start":{"line":71,"column":18},"end":{"line":76,"column":5}},"line":71},"16":{"name":"(anonymous_16)","decl":{"start":{"line":72,"column":19},"end":{"line":72,"column":20}},"loc":{"start":{"line":72,"column":28},"end":{"line":75,"column":7}},"line":72},"17":{"name":"loadMembershipNum","decl":{"start":{"line":79,"column":9},"end":{"line":79,"column":26}},"loc":{"start":{"line":79,"column":30},"end":{"line":86,"column":1}},"line":79},"18":{"name":"(anonymous_18)","decl":{"start":{"line":81,"column":10},"end":{"line":81,"column":11}},"loc":{"start":{"line":81,"column":22},"end":{"line":81,"column":37}},"line":81},"19":{"name":"(anonymous_19)","decl":{"start":{"line":82,"column":10},"end":{"line":82,"column":11}},"loc":{"start":{"line":82,"column":18},"end":{"line":85,"column":5}},"line":82},"20":{"name":"userSearch","decl":{"start":{"line":89,"column":9},"end":{"line":89,"column":19}},"loc":{"start":{"line":89,"column":23},"end":{"line":96,"column":1}},"line":89},"21":{"name":"(anonymous_21)","decl":{"start":{"line":93,"column":43},"end":{"line":93,"column":44}},"loc":{"start":{"line":93,"column":48},"end":{"line":93,"column":93}},"line":93},"22":{"name":"addUsers","decl":{"start":{"line":99,"column":9},"end":{"line":99,"column":17}},"loc":{"start":{"line":99,"column":21},"end":{"line":109,"column":1}},"line":99},"23":{"name":"(anonymous_23)","decl":{"start":{"line":103,"column":23},"end":{"line":103,"column":24}},"loc":{"start":{"line":103,"column":33},"end":{"line":103,"column":93}},"line":103},"24":{"name":"(anonymous_24)","decl":{"start":{"line":105,"column":27},"end":{"line":105,"column":28}},"loc":{"start":{"line":105,"column":35},"end":{"line":107,"column":3}},"line":105},"25":{"name":"(anonymous_25)","decl":{"start":{"line":106,"column":36},"end":{"line":106,"column":37}},"loc":{"start":{"line":106,"column":41},"end":{"line":106,"column":83}},"line":106},"26":{"name":"selectedMembers","decl":{"start":{"line":111,"column":9},"end":{"line":111,"column":24}},"loc":{"start":{"line":111,"column":28},"end":{"line":119,"column":1}},"line":111},"27":{"name":"createGroup","decl":{"start":{"line":122,"column":9},"end":{"line":122,"column":20}},"loc":{"start":{"line":122,"column":24},"end":{"line":165,"column":1}},"line":122},"28":{"name":"(anonymous_28)","decl":{"start":{"line":163,"column":25},"end":{"line":163,"column":26}},"loc":{"start":{"line":163,"column":35},"end":{"line":163,"column":77}},"line":163},"29":{"name":"clearInputs","decl":{"start":{"line":167,"column":9},"end":{"line":167,"column":20}},"loc":{"start":{"line":167,"column":24},"end":{"line":174,"column":1}},"line":167},"30":{"name":"saveGroup","decl":{"start":{"line":176,"column":9},"end":{"line":176,"column":18}},"loc":{"start":{"line":176,"column":31},"end":{"line":193,"column":1}},"line":176},"31":{"name":"(anonymous_31)","decl":{"start":{"line":184,"column":10},"end":{"line":184,"column":11}},"loc":{"start":{"line":184,"column":20},"end":{"line":192,"column":5}},"line":184}},"branchMap":{"0":{"loc":{"start":{"line":92,"column":2},"end":{"line":95,"column":41}},"type":"if","locations":[{"start":{"line":92,"column":2},"end":{"line":95,"column":41}},{"start":{"line":92,"column":2},"end":{"line":95,"column":41}}],"line":92},"1":{"loc":{"start":{"line":115,"column":4},"end":{"line":117,"column":5}},"type":"if","locations":[{"start":{"line":115,"column":4},"end":{"line":117,"column":5}},{"start":{"line":115,"column":4},"end":{"line":117,"column":5}}],"line":115},"2":{"loc":{"start":{"line":115,"column":8},"end":{"line":115,"column":56}},"type":"binary-expr","locations":[{"start":{"line":115,"column":9},"end":{"line":115,"column":21}},{"start":{"line":115,"column":26},"end":{"line":115,"column":56}}],"line":115},"3":{"loc":{"start":{"line":127,"column":2},"end":{"line":130,"column":3}},"type":"if","locations":[{"start":{"line":127,"column":2},"end":{"line":130,"column":3}},{"start":{"line":127,"column":2},"end":{"line":130,"column":3}}],"line":127},"4":{"loc":{"start":{"line":127,"column":6},"end":{"line":127,"column":91}},"type":"binary-expr","locations":[{"start":{"line":127,"column":7},"end":{"line":127,"column":25}},{"start":{"line":127,"column":31},"end":{"line":127,"column":63}},{"start":{"line":127,"column":69},"end":{"line":127,"column":90}}],"line":127},"5":{"loc":{"start":{"line":132,"column":2},"end":{"line":135,"column":3}},"type":"if","locations":[{"start":{"line":132,"column":2},"end":{"line":135,"column":3}},{"start":{"line":132,"column":2},"end":{"line":135,"column":3}}],"line":132},"6":{"loc":{"start":{"line":137,"column":2},"end":{"line":140,"column":3}},"type":"if","locations":[{"start":{"line":137,"column":2},"end":{"line":140,"column":3}},{"start":{"line":137,"column":2},"end":{"line":140,"column":3}}],"line":137},"7":{"loc":{"start":{"line":142,"column":2},"end":{"line":145,"column":3}},"type":"if","locations":[{"start":{"line":142,"column":2},"end":{"line":145,"column":3}},{"start":{"line":142,"column":2},"end":{"line":145,"column":3}}],"line":142}},"s":{"0":11,"1":11,"2":11,"3":11,"4":11,"5":11,"6":11,"7":11,"8":11,"9":11,"10":11,"11":11,"12":11,"13":11,"14":11,"15":10,"16":10,"17":11,"18":10,"19":10,"20":850,"21":850,"22":850,"23":850,"24":11,"25":11,"26":11,"27":11,"28":11,"29":11,"30":156,"31":156,"32":147,"33":147,"34":147,"35":147,"36":11,"37":9,"38":9,"39":9,"40":18,"41":18,"42":11,"43":9,"44":9,"45":9,"46":11,"47":133,"48":133,"49":107,"50":286,"51":107,"52":26,"53":11,"54":9,"55":9,"56":9,"57":9,"58":27,"59":27,"60":9,"61":9,"62":9,"63":27,"64":27,"65":27,"66":9,"67":11,"68":20,"69":20,"70":20,"71":20,"72":6,"73":6,"74":14,"75":1,"76":1,"77":13,"78":0,"79":0,"80":13,"81":10,"82":10,"83":3,"84":3,"85":3,"86":3,"87":3,"88":3,"89":3,"90":3,"91":3,"92":3,"93":0,"94":3,"95":3,"96":3,"97":3,"98":3,"99":3,"100":3,"101":3},"f":{"0":11,"1":11,"2":10,"3":10,"4":10,"5":850,"6":11,"7":11,"8":11,"9":11,"10":156,"11":147,"12":11,"13":9,"14":9,"15":9,"16":18,"17":11,"18":9,"19":9,"20":133,"21":286,"22":9,"23":9,"24":27,"25":27,"26":9,"27":20,"28":0,"29":3,"30":3,"31":3},"b":{"0":[107,26],"1":[9,18],"2":[27,9],"3":[6,14],"4":[20,20,14],"5":[1,13],"6":[0,13],"7":[10,3]},"_coverageSchema":"1a1c01bbd47fc00a2c39e90264f33305004495a9","hash":"49fe3eab44e656a95fd04c1d46246143d031e2bc"}
,"/Users/nathanjones/Desktop/2021-008-project/src/public/scripts/invites.js": {"path":"/Users/nathanjones/Desktop/2021-008-project/src/public/scripts/invites.js","statementMap":{"0":{"start":{"line":3,"column":14},"end":{"line":3,"column":16}},"1":{"start":{"line":4,"column":20},"end":{"line":4,"column":24}},"2":{"start":{"line":6,"column":0},"end":{"line":10,"column":2}},"3":{"start":{"line":7,"column":2},"end":{"line":7,"column":20}},"4":{"start":{"line":8,"column":2},"end":{"line":9,"column":35}},"5":{"start":{"line":9,"column":16},"end":{"line":9,"column":34}},"6":{"start":{"line":14,"column":16},"end":{"line":14,"column":61}},"7":{"start":{"line":16,"column":2},"end":{"line":34,"column":3}},"8":{"start":{"line":17,"column":4},"end":{"line":17,"column":80}},"9":{"start":{"line":19,"column":20},"end":{"line":19,"column":22}},"10":{"start":{"line":22,"column":4},"end":{"line":32,"column":6}},"11":{"start":{"line":23,"column":6},"end":{"line":23,"column":25}},"12":{"start":{"line":24,"column":6},"end":{"line":24,"column":43}},"13":{"start":{"line":25,"column":6},"end":{"line":25,"column":44}},"14":{"start":{"line":26,"column":6},"end":{"line":26,"column":77}},"15":{"start":{"line":28,"column":6},"end":{"line":28,"column":178}},"16":{"start":{"line":29,"column":6},"end":{"line":29,"column":177}},"17":{"start":{"line":31,"column":6},"end":{"line":31,"column":26}},"18":{"start":{"line":33,"column":4},"end":{"line":33,"column":31}},"19":{"start":{"line":39,"column":19},"end":{"line":39,"column":31}},"20":{"start":{"line":40,"column":18},"end":{"line":40,"column":70}},"21":{"start":{"line":40,"column":36},"end":{"line":40,"column":60}},"22":{"start":{"line":43,"column":2},"end":{"line":46,"column":3}},"23":{"start":{"line":44,"column":4},"end":{"line":44,"column":103}},"24":{"start":{"line":45,"column":4},"end":{"line":45,"column":10}},"25":{"start":{"line":48,"column":2},"end":{"line":58,"column":4}},"26":{"start":{"line":51,"column":4},"end":{"line":57,"column":5}},"27":{"start":{"line":53,"column":6},"end":{"line":53,"column":70}},"28":{"start":{"line":53,"column":44},"end":{"line":53,"column":68}},"29":{"start":{"line":54,"column":6},"end":{"line":54,"column":24}},"30":{"start":{"line":56,"column":6},"end":{"line":56,"column":36}},"31":{"start":{"line":63,"column":13},"end":{"line":63,"column":33}},"32":{"start":{"line":65,"column":2},"end":{"line":74,"column":4}},"33":{"start":{"line":68,"column":4},"end":{"line":73,"column":5}},"34":{"start":{"line":69,"column":6},"end":{"line":69,"column":64}},"35":{"start":{"line":69,"column":44},"end":{"line":69,"column":62}},"36":{"start":{"line":70,"column":6},"end":{"line":70,"column":24}},"37":{"start":{"line":72,"column":6},"end":{"line":72,"column":36}},"38":{"start":{"line":79,"column":2},"end":{"line":91,"column":3}},"39":{"start":{"line":80,"column":4},"end":{"line":88,"column":6}},"40":{"start":{"line":81,"column":6},"end":{"line":87,"column":10}},"41":{"start":{"line":84,"column":26},"end":{"line":84,"column":41}},"42":{"start":{"line":86,"column":10},"end":{"line":86,"column":23}},"43":{"start":{"line":90,"column":4},"end":{"line":90,"column":18}},"44":{"start":{"line":95,"column":2},"end":{"line":100,"column":6}},"45":{"start":{"line":96,"column":22},"end":{"line":96,"column":37}},"46":{"start":{"line":98,"column":21},"end":{"line":98,"column":35}},"47":{"start":{"line":99,"column":6},"end":{"line":99,"column":35}}},"fnMap":{"0":{"name":"(anonymous_0)","decl":{"start":{"line":6,"column":46},"end":{"line":6,"column":47}},"loc":{"start":{"line":6,"column":58},"end":{"line":10,"column":1}},"line":6},"1":{"name":"(anonymous_1)","decl":{"start":{"line":9,"column":10},"end":{"line":9,"column":11}},"loc":{"start":{"line":9,"column":16},"end":{"line":9,"column":34}},"line":9},"2":{"name":"loadInvitesTable","decl":{"start":{"line":13,"column":9},"end":{"line":13,"column":25}},"loc":{"start":{"line":13,"column":29},"end":{"line":35,"column":1}},"line":13},"3":{"name":"(anonymous_3)","decl":{"start":{"line":22,"column":20},"end":{"line":22,"column":21}},"loc":{"start":{"line":22,"column":91},"end":{"line":32,"column":5}},"line":22},"4":{"name":"acceptInvite","decl":{"start":{"line":38,"column":9},"end":{"line":38,"column":21}},"loc":{"start":{"line":38,"column":27},"end":{"line":59,"column":1}},"line":38},"5":{"name":"(anonymous_5)","decl":{"start":{"line":40,"column":31},"end":{"line":40,"column":32}},"loc":{"start":{"line":40,"column":36},"end":{"line":40,"column":60}},"line":40},"6":{"name":"(anonymous_6)","decl":{"start":{"line":50,"column":10},"end":{"line":50,"column":11}},"loc":{"start":{"line":50,"column":17},"end":{"line":58,"column":3}},"line":50},"7":{"name":"(anonymous_7)","decl":{"start":{"line":53,"column":39},"end":{"line":53,"column":40}},"loc":{"start":{"line":53,"column":44},"end":{"line":53,"column":68}},"line":53},"8":{"name":"declineInvite","decl":{"start":{"line":62,"column":9},"end":{"line":62,"column":22}},"loc":{"start":{"line":62,"column":36},"end":{"line":75,"column":1}},"line":62},"9":{"name":"(anonymous_9)","decl":{"start":{"line":67,"column":10},"end":{"line":67,"column":11}},"loc":{"start":{"line":67,"column":17},"end":{"line":74,"column":3}},"line":67},"10":{"name":"(anonymous_10)","decl":{"start":{"line":69,"column":39},"end":{"line":69,"column":40}},"loc":{"start":{"line":69,"column":44},"end":{"line":69,"column":62}},"line":69},"11":{"name":"getInvites","decl":{"start":{"line":78,"column":15},"end":{"line":78,"column":25}},"loc":{"start":{"line":78,"column":29},"end":{"line":92,"column":1}},"line":78},"12":{"name":"(anonymous_12)","decl":{"start":{"line":80,"column":32},"end":{"line":80,"column":33}},"loc":{"start":{"line":80,"column":53},"end":{"line":88,"column":5}},"line":80},"13":{"name":"(anonymous_13)","decl":{"start":{"line":84,"column":14},"end":{"line":84,"column":15}},"loc":{"start":{"line":84,"column":26},"end":{"line":84,"column":41}},"line":84},"14":{"name":"(anonymous_14)","decl":{"start":{"line":85,"column":14},"end":{"line":85,"column":15}},"loc":{"start":{"line":85,"column":22},"end":{"line":87,"column":9}},"line":85},"15":{"name":"getMembershipNum","decl":{"start":{"line":94,"column":9},"end":{"line":94,"column":25}},"loc":{"start":{"line":94,"column":29},"end":{"line":101,"column":1}},"line":94},"16":{"name":"(anonymous_16)","decl":{"start":{"line":96,"column":10},"end":{"line":96,"column":11}},"loc":{"start":{"line":96,"column":22},"end":{"line":96,"column":37}},"line":96},"17":{"name":"(anonymous_17)","decl":{"start":{"line":97,"column":10},"end":{"line":97,"column":11}},"loc":{"start":{"line":97,"column":18},"end":{"line":100,"column":5}},"line":97}},"branchMap":{"0":{"loc":{"start":{"line":16,"column":2},"end":{"line":34,"column":3}},"type":"if","locations":[{"start":{"line":16,"column":2},"end":{"line":34,"column":3}},{"start":{"line":16,"column":2},"end":{"line":34,"column":3}}],"line":16},"1":{"loc":{"start":{"line":43,"column":2},"end":{"line":46,"column":3}},"type":"if","locations":[{"start":{"line":43,"column":2},"end":{"line":46,"column":3}},{"start":{"line":43,"column":2},"end":{"line":46,"column":3}}],"line":43},"2":{"loc":{"start":{"line":51,"column":4},"end":{"line":57,"column":5}},"type":"if","locations":[{"start":{"line":51,"column":4},"end":{"line":57,"column":5}},{"start":{"line":51,"column":4},"end":{"line":57,"column":5}}],"line":51},"3":{"loc":{"start":{"line":68,"column":4},"end":{"line":73,"column":5}},"type":"if","locations":[{"start":{"line":68,"column":4},"end":{"line":73,"column":5}},{"start":{"line":68,"column":4},"end":{"line":73,"column":5}}],"line":68}},"s":{"0":1,"1":1,"2":1,"3":1,"4":1,"5":1,"6":1,"7":1,"8":1,"9":0,"10":0,"11":0,"12":0,"13":0,"14":0,"15":0,"16":0,"17":0,"18":0,"19":0,"20":0,"21":0,"22":0,"23":0,"24":0,"25":0,"26":0,"27":0,"28":0,"29":0,"30":0,"31":0,"32":0,"33":0,"34":0,"35":0,"36":0,"37":0,"38":1,"39":1,"40":1,"41":1,"42":1,"43":0,"44":1,"45":1,"46":1,"47":1},"f":{"0":1,"1":1,"2":1,"3":0,"4":0,"5":0,"6":0,"7":0,"8":0,"9":0,"10":0,"11":1,"12":1,"13":1,"14":1,"15":1,"16":1,"17":1},"b":{"0":[1,0],"1":[0,0],"2":[0,0],"3":[0,0]},"_coverageSchema":"1a1c01bbd47fc00a2c39e90264f33305004495a9","hash":"3cb5f9c329e0d8b554704c43d2f993c4cec6534c"}
,"/Users/nathanjones/Desktop/2021-008-project/src/public/scripts/user-service.js": {"path":"/Users/nathanjones/Desktop/2021-008-project/src/public/scripts/user-service.js","statementMap":{"0":{"start":{"line":6,"column":4},"end":{"line":6,"column":82}},"1":{"start":{"line":6,"column":36},"end":{"line":6,"column":58}},"2":{"start":{"line":6,"column":68},"end":{"line":6,"column":80}},"3":{"start":{"line":7,"column":4},"end":{"line":7,"column":28}},"4":{"start":{"line":8,"column":4},"end":{"line":8,"column":30}},"5":{"start":{"line":9,"column":4},"end":{"line":9,"column":28}},"6":{"start":{"line":10,"column":4},"end":{"line":10,"column":24}},"7":{"start":{"line":11,"column":4},"end":{"line":11,"column":36}},"8":{"start":{"line":12,"column":4},"end":{"line":12,"column":36}},"9":{"start":{"line":13,"column":4},"end":{"line":13,"column":20}},"10":{"start":{"line":14,"column":4},"end":{"line":14,"column":32}},"11":{"start":{"line":19,"column":17},"end":{"line":19,"column":21}},"12":{"start":{"line":24,"column":4},"end":{"line":24,"column":40}},"13":{"start":{"line":29,"column":4},"end":{"line":41,"column":5}},"14":{"start":{"line":30,"column":19},"end":{"line":37,"column":8}},"15":{"start":{"line":31,"column":8},"end":{"line":36,"column":12}},"16":{"start":{"line":32,"column":28},"end":{"line":32,"column":43}},"17":{"start":{"line":34,"column":12},"end":{"line":35,"column":80}},"18":{"start":{"line":38,"column":6},"end":{"line":38,"column":17}},"19":{"start":{"line":40,"column":6},"end":{"line":40,"column":24}}},"fnMap":{"0":{"name":"(anonymous_0)","decl":{"start":{"line":5,"column":2},"end":{"line":5,"column":3}},"loc":{"start":{"line":5,"column":104},"end":{"line":15,"column":3}},"line":5},"1":{"name":"(anonymous_1)","decl":{"start":{"line":23,"column":2},"end":{"line":23,"column":3}},"loc":{"start":{"line":23,"column":35},"end":{"line":25,"column":3}},"line":23},"2":{"name":"(anonymous_2)","decl":{"start":{"line":28,"column":2},"end":{"line":28,"column":3}},"loc":{"start":{"line":28,"column":26},"end":{"line":42,"column":3}},"line":28},"3":{"name":"(anonymous_3)","decl":{"start":{"line":30,"column":37},"end":{"line":30,"column":38}},"loc":{"start":{"line":30,"column":58},"end":{"line":37,"column":7}},"line":30},"4":{"name":"(anonymous_4)","decl":{"start":{"line":32,"column":16},"end":{"line":32,"column":17}},"loc":{"start":{"line":32,"column":28},"end":{"line":32,"column":43}},"line":32},"5":{"name":"(anonymous_5)","decl":{"start":{"line":33,"column":16},"end":{"line":33,"column":17}},"loc":{"start":{"line":33,"column":24},"end":{"line":36,"column":11}},"line":33}},"branchMap":{"0":{"loc":{"start":{"line":6,"column":4},"end":{"line":6,"column":82}},"type":"if","locations":[{"start":{"line":6,"column":4},"end":{"line":6,"column":82}},{"start":{"line":6,"column":4},"end":{"line":6,"column":82}}],"line":6},"1":{"loc":{"start":{"line":24,"column":11},"end":{"line":24,"column":40}},"type":"binary-expr","locations":[{"start":{"line":24,"column":11},"end":{"line":24,"column":19}},{"start":{"line":24,"column":23},"end":{"line":24,"column":40}}],"line":24}},"s":{"0":0,"1":0,"2":0,"3":0,"4":0,"5":0,"6":0,"7":0,"8":0,"9":0,"10":0,"11":11,"12":11,"13":0,"14":0,"15":0,"16":0,"17":0,"18":0,"19":0},"f":{"0":0,"1":11,"2":0,"3":0,"4":0,"5":0},"b":{"0":[0,0],"1":[11,11]},"_coverageSchema":"1a1c01bbd47fc00a2c39e90264f33305004495a9","hash":"ac8542131dbdc017b9bca9f891f1d6ca1b5622c7"}
}
