TN:
SF:public/scripts/action-log.js
FN:3,addAction
FNF:1
FNH:1
FNDA:6,addAction
DA:4,6
DA:5,6
DA:6,6
LF:3
LH:3
BRF:0
BRH:0
end_of_record
TN:
SF:public/scripts/create-group.js
FN:19,(anonymous_0)
FN:27,loadTagOptions
FN:29,(anonymous_2)
FN:30,(anonymous_3)
FN:36,populateTagsList
FN:38,(anonymous_5)
FN:46,loadUsersList
FN:48,(anonymous_7)
FN:49,(anonymous_8)
FN:50,(anonymous_9)
FN:57,populateUsersList
FN:59,(anonymous_11)
FN:67,loadExistingGroups
FN:69,(anonymous_13)
FN:70,(anonymous_14)
FN:71,(anonymous_15)
FN:72,(anonymous_16)
FN:79,loadMembershipNum
FN:81,(anonymous_18)
FN:82,(anonymous_19)
FN:89,userSearch
FN:93,(anonymous_21)
FN:99,addUsers
FN:103,(anonymous_23)
FN:105,(anonymous_24)
FN:106,(anonymous_25)
FN:111,selectedMembers
FN:122,createGroup
FN:163,(anonymous_28)
FN:167,clearInputs
FN:176,saveGroup
FN:184,(anonymous_31)
FNF:32
FNH:31
FNDA:11,(anonymous_0)
FNDA:11,loadTagOptions
FNDA:10,(anonymous_2)
FNDA:10,(anonymous_3)
FNDA:10,populateTagsList
FNDA:850,(anonymous_5)
FNDA:11,loadUsersList
FNDA:11,(anonymous_7)
FNDA:11,(anonymous_8)
FNDA:11,(anonymous_9)
FNDA:156,populateUsersList
FNDA:147,(anonymous_11)
FNDA:11,loadExistingGroups
FNDA:9,(anonymous_13)
FNDA:9,(anonymous_14)
FNDA:9,(anonymous_15)
FNDA:18,(anonymous_16)
FNDA:11,loadMembershipNum
FNDA:9,(anonymous_18)
FNDA:9,(anonymous_19)
FNDA:133,userSearch
FNDA:286,(anonymous_21)
FNDA:9,addUsers
FNDA:9,(anonymous_23)
FNDA:27,(anonymous_24)
FNDA:27,(anonymous_25)
FNDA:9,selectedMembers
FNDA:20,createGroup
FNDA:0,(anonymous_28)
FNDA:3,clearInputs
FNDA:3,saveGroup
FNDA:3,(anonymous_31)
DA:7,11
DA:8,11
DA:10,11
DA:11,11
DA:13,11
DA:14,11
DA:15,11
DA:16,11
DA:17,11
DA:19,11
DA:20,11
DA:22,11
DA:23,11
DA:24,11
DA:28,11
DA:29,10
DA:30,10
DA:34,11
DA:37,10
DA:38,10
DA:39,850
DA:40,850
DA:41,850
DA:42,850
DA:47,11
DA:48,11
DA:49,11
DA:51,11
DA:52,11
DA:53,11
DA:58,156
DA:59,156
DA:60,147
DA:61,147
DA:62,147
DA:63,147
DA:68,11
DA:69,9
DA:70,9
DA:72,9
DA:73,18
DA:74,18
DA:80,11
DA:81,9
DA:83,9
DA:84,9
DA:88,11
DA:90,133
DA:92,133
DA:93,286
DA:94,107
DA:95,26
DA:98,11
DA:100,9
DA:102,9
DA:103,9
DA:105,9
DA:106,27
DA:108,9
DA:112,9
DA:113,27
DA:114,27
DA:115,27
DA:116,9
DA:121,11
DA:123,20
DA:124,20
DA:125,20
DA:127,20
DA:128,6
DA:129,6
DA:132,14
DA:133,1
DA:134,1
DA:137,13
DA:138,0
DA:139,0
DA:142,13
DA:143,10
DA:144,10
DA:147,3
DA:148,3
DA:151,3
DA:152,3
DA:157,3
DA:158,3
DA:159,3
DA:161,3
DA:162,3
DA:163,3
DA:164,3
DA:168,3
DA:169,3
DA:170,3
DA:172,3
DA:173,3
DA:177,3
DA:185,3
LF:98
LH:96
BRDA:92,0,0,107
BRDA:92,0,1,26
BRDA:115,1,0,9
BRDA:115,1,1,18
BRDA:115,2,0,27
BRDA:115,2,1,9
BRDA:127,3,0,6
BRDA:127,3,1,14
BRDA:127,4,0,20
BRDA:127,4,1,20
BRDA:127,4,2,14
BRDA:132,5,0,1
BRDA:132,5,1,13
BRDA:137,6,0,0
BRDA:137,6,1,13
BRDA:142,7,0,10
BRDA:142,7,1,3
BRF:17
BRH:16
end_of_record
TN:
SF:public/scripts/invites.js
FN:6,(anonymous_0)
FN:9,(anonymous_1)
FN:13,loadInvitesTable
FN:22,(anonymous_3)
FN:38,acceptInvite
FN:40,(anonymous_5)
FN:50,(anonymous_6)
FN:53,(anonymous_7)
FN:62,declineInvite
FN:67,(anonymous_9)
FN:69,(anonymous_10)
FN:78,getInvites
FN:80,(anonymous_12)
FN:84,(anonymous_13)
FN:85,(anonymous_14)
FN:94,getMembershipNum
FN:96,(anonymous_16)
FN:97,(anonymous_17)
FNF:18
FNH:10
FNDA:1,(anonymous_0)
FNDA:1,(anonymous_1)
FNDA:1,loadInvitesTable
FNDA:0,(anonymous_3)
FNDA:0,acceptInvite
FNDA:0,(anonymous_5)
FNDA:0,(anonymous_6)
FNDA:0,(anonymous_7)
FNDA:0,declineInvite
FNDA:0,(anonymous_9)
FNDA:0,(anonymous_10)
FNDA:1,getInvites
FNDA:1,(anonymous_12)
FNDA:1,(anonymous_13)
FNDA:1,(anonymous_14)
FNDA:1,getMembershipNum
FNDA:1,(anonymous_16)
FNDA:1,(anonymous_17)
DA:3,1
DA:4,1
DA:6,1
DA:7,1
DA:8,1
DA:9,1
DA:14,1
DA:16,1
DA:17,1
DA:19,0
DA:22,0
DA:23,0
DA:24,0
DA:25,0
DA:26,0
DA:28,0
DA:29,0
DA:31,0
DA:33,0
DA:39,0
DA:40,0
DA:43,0
DA:44,0
DA:45,0
DA:48,0
DA:51,0
DA:53,0
DA:54,0
DA:56,0
DA:63,0
DA:65,0
DA:68,0
DA:69,0
DA:70,0
DA:72,0
DA:79,1
DA:80,1
DA:81,1
DA:84,1
DA:86,1
DA:90,0
DA:95,1
DA:96,1
DA:98,1
DA:99,1
LF:45
LH:18
BRDA:16,0,0,1
BRDA:16,0,1,0
BRDA:43,1,0,0
BRDA:43,1,1,0
BRDA:51,2,0,0
BRDA:51,2,1,0
BRDA:68,3,0,0
BRDA:68,3,1,0
BRF:8
BRH:1
end_of_record
TN:
SF:public/scripts/user-service.js
FN:5,(anonymous_0)
FN:23,(anonymous_1)
FN:28,(anonymous_2)
FN:30,(anonymous_3)
FN:32,(anonymous_4)
FN:33,(anonymous_5)
FNF:6
FNH:1
FNDA:0,(anonymous_0)
FNDA:11,(anonymous_1)
FNDA:0,(anonymous_2)
FNDA:0,(anonymous_3)
FNDA:0,(anonymous_4)
FNDA:0,(anonymous_5)
DA:6,0
DA:7,0
DA:8,0
DA:9,0
DA:10,0
DA:11,0
DA:12,0
DA:13,0
DA:14,0
DA:19,11
DA:24,11
DA:29,0
DA:30,0
DA:31,0
DA:32,0
DA:34,0
DA:38,0
DA:40,0
LF:18
LH:2
BRDA:6,0,0,0
BRDA:6,0,1,0
BRDA:24,1,0,11
BRDA:24,1,1,11
BRF:4
BRH:2
end_of_record
