<?xml version="1.0" encoding="UTF-8"?>
<coverage generated="1625215713257" clover="3.2.0">
  <project timestamp="1625215713257" name="All files">
    <metrics statements="10" coveredstatements="10" conditionals="0" coveredconditionals="0" methods="2" coveredmethods="2" elements="12" coveredelements="12" complexity="0" loc="10" ncloc="10" packages="2" files="2" classes="2"/>
    <package name="scripts">
      <metrics statements="1" coveredstatements="1" conditionals="0" coveredconditionals="0" methods="1" coveredmethods="1"/>
      <file name="rating-helpers.js" path="/Users/nathanjones/Desktop/2021-008-project/src/public/scripts/rating-helpers.js">
        <metrics statements="1" coveredstatements="1" conditionals="0" coveredconditionals="0" methods="1" coveredmethods="1"/>
        <line num="2" count="3" type="stmt"/>
      </file>
    </package>
    <package name="scripts.meetings">
      <metrics statements="9" coveredstatements="9" conditionals="0" coveredconditionals="0" methods="1" coveredmethods="1"/>
      <file name="get-remaining-time.js" path="/Users/nathanjones/Desktop/2021-008-project/src/public/scripts/meetings/get-remaining-time.js">
        <metrics statements="9" coveredstatements="9" conditionals="0" coveredconditionals="0" methods="1" coveredmethods="1"/>
        <line num="4" count="4" type="stmt"/>
        <line num="7" count="4" type="stmt"/>
        <line num="8" count="4" type="stmt"/>
        <line num="10" count="4" type="stmt"/>
        <line num="11" count="4" type="stmt"/>
        <line num="13" count="4" type="stmt"/>
        <line num="14" count="4" type="stmt"/>
        <line num="16" count="4" type="stmt"/>
        <line num="19" count="4" type="stmt"/>
      </file>
    </package>
  </project>
</coverage>
