{"/Users/nathanjones/Desktop/2021-008-project/src/public/scripts/rating-helpers.js": {"path":"/Users/nathanjones/Desktop/2021-008-project/src/public/scripts/rating-helpers.js","statementMap":{"0":{"start":{"line":2,"column":2},"end":{"line":2,"column":73}}},"fnMap":{"0":{"name":"ratingCalculation","decl":{"start":{"line":1,"column":9},"end":{"line":1,"column":26}},"loc":{"start":{"line":1,"column":66},"end":{"line":3,"column":1}},"line":1}},"branchMap":{},"s":{"0":3},"f":{"0":3},"b":{},"_coverageSchema":"1a1c01bbd47fc00a2c39e90264f33305004495a9","hash":"313681e21b2e9635a20bbf2882e5c4f4034d2421"}
,"/Users/nathanjones/Desktop/2021-008-project/src/public/scripts/meetings/get-remaining-time.js": {"path":"/Users/nathanjones/Desktop/2021-008-project/src/public/scripts/meetings/get-remaining-time.js","statementMap":{"0":{"start":{"line":4,"column":22},"end":{"line":4,"column":86}},"1":{"start":{"line":7,"column":25},"end":{"line":7,"column":58}},"2":{"start":{"line":8,"column":2},"end":{"line":8,"column":41}},"3":{"start":{"line":10,"column":26},"end":{"line":10,"column":63}},"4":{"start":{"line":11,"column":2},"end":{"line":11,"column":41}},"5":{"start":{"line":13,"column":24},"end":{"line":13,"column":59}},"6":{"start":{"line":14,"column":2},"end":{"line":14,"column":37}},"7":{"start":{"line":16,"column":2},"end":{"line":16,"column":48}},"8":{"start":{"line":19,"column":2},"end":{"line":24,"column":3}}},"fnMap":{"0":{"name":"getTimeRemaining","decl":{"start":{"line":2,"column":9},"end":{"line":2,"column":25}},"loc":{"start":{"line":2,"column":53},"end":{"line":25,"column":1}},"line":2}},"branchMap":{},"s":{"0":4,"1":4,"2":4,"3":4,"4":4,"5":4,"6":4,"7":4,"8":4},"f":{"0":4},"b":{},"_coverageSchema":"1a1c01bbd47fc00a2c39e90264f33305004495a9","hash":"816083586e2be874d343492c49a75208756d307a"}
}
